<?xml version="1.0" encoding="UTF-8"?>
<!-- Generated by org.testng.reporters.JUnitReportReporter -->
<testsuite hostname="DESKTOP-6A6Q23E" name="qaclickacademy.RESTAPITest" tests="2" failures="0" timestamp="21 Apr 2020 06:59:14 GMT" time="0.003" errors="0">
  <testcase name="postJira" time="0.002" classname="qaclickacademy.RESTAPITest"/>
  <testcase name="deleteTwitter" time="0.001" classname="qaclickacademy.RESTAPITest"/>
</testsuite> <!-- qaclickacademy.RESTAPITest -->
