<?xml version="1.0" encoding="UTF-8"?>
<!-- Generated by org.testng.reporters.JUnitReportReporter -->
<testsuite hostname="DESKTOP-6A6Q23E" name="qaclickacademy.AppiumTest" tests="2" failures="0" timestamp="21 Apr 2020 06:59:14 GMT" time="0.011" errors="0">
  <testcase name="IOSApps" time="0.010" classname="qaclickacademy.AppiumTest"/>
  <testcase name="NativeAppAndroid" time="0.001" classname="qaclickacademy.AppiumTest"/>
</testsuite> <!-- qaclickacademy.AppiumTest -->
