<?xml version="1.0" encoding="UTF-8"?>
<!-- Generated by org.testng.reporters.JUnitReportReporter -->
<testsuite hostname="DESKTOP-6A6Q23E" name="qaclickacademy.AppTest" tests="1" failures="0" timestamp="21 Apr 2020 06:59:15 GMT" time="0.005" errors="0">
  <testcase name="testApp" time="0.005" classname="qaclickacademy.AppTest"/>
</testsuite> <!-- qaclickacademy.AppTest -->
